Using pre-set license
Built from '2020.3/staging' branch; Version is '2020.3.21f1 (a38c86f6690f) revision 10718342'; Using compiler version '192528614'; Build Type 'Release'
OS: 'Windows 8  (6.2.0) 64bit' Language: 'ru' Physical Memory: 8081 MB
BatchMode: 1, IsHumanControllingUs: 0, StartBugReporterOnCrash: 0, Is64bit: 1, IsPro: 0

COMMAND LINE ARGUMENTS:
C:\Program Files (x86)\Unity Hub\Editor\Unity.exe
-adb2
-batchMode
-noUpm
-name
AssetImportWorker0
-projectPath
C:/Users/Dan2019/Desktop/Game/TowerDefenceGame/TowerDefence
-logFile
Logs/AssetImportWorker0.log
-srvPort
57210
Successfully changed project path to: C:/Users/Dan2019/Desktop/Game/TowerDefenceGame/TowerDefence
C:/Users/Dan2019/Desktop/Game/TowerDefenceGame/TowerDefence
Using Asset Import Pipeline V2.
Refreshing native plugins compatible for Editor in 97.16 ms, found 3 plugins.
Preloading 0 native plugins for Editor in 0.00 ms.
Initialize engine version: 2020.3.21f1 (a38c86f6690f)
[Subsystems] Discovering subsystems at path C:/Program Files (x86)/Unity Hub/Editor/Data/Resources/UnitySubsystems
[Subsystems] Discovering subsystems at path C:/Users/Dan2019/Desktop/Game/TowerDefenceGame/TowerDefence/Assets
GfxDevice: creating device client; threaded=0
d3d11: CreateDXGIFactory2(...) not found, fallbacking to CreateDXGIFactory1(...).
d3d11: QueryInterface(IDXGIFactory5) failed (80004002).
Direct3D:
    Version:  Direct3D 11.0 [level 11.0]
    Renderer: Intel(R) HD Graphics 4000 (ID=0x166)
    Vendor:   
    VRAM:     1632 MB
    Driver:   €Ï"Àö
Initialize mono
Mono path[0] = 'C:/Program Files (x86)/Unity Hub/Editor/Data/Managed'
Mono path[1] = 'C:/Program Files (x86)/Unity Hub/Editor/Data/MonoBleedingEdge/lib/mono/unityjit'
Mono config path = 'C:/Program Files (x86)/Unity Hub/Editor/Data/MonoBleedingEdge/etc'
Using monoOptions --debugger-agent=transport=dt_socket,embedding=1,server=y,suspend=n,address=127.0.0.1:56020
Begin MonoManager ReloadAssembly
Registering precompiled unity dll's ...
Register platform support module: C:/Program Files (x86)/Unity Hub/Editor/Data/PlaybackEngines/WindowsStandaloneSupport/UnityEditor.WindowsStandalone.Extensions.dll
Registered in 0.087767 seconds.
Native extension for WindowsStandalone target not found
Refreshing native plugins compatible for Editor in 145.62 ms, found 3 plugins.
Preloading 0 native plugins for Editor in 0.00 ms.
Mono: successfully reloaded assembly
- Completed reload, in  2.351 seconds
Domain Reload Profiling:
	ReloadAssembly (2423ms)
		BeginReloadAssembly (145ms)
			ExecutionOrderSort (0ms)
			DisableScriptedObjects (0ms)
			BackupInstance (0ms)
			ReleaseScriptingObjects (0ms)
			CreateAndSetChildDomain (1ms)
		EndReloadAssembly (1157ms)
			LoadAssemblies (119ms)
			RebuildTransferFunctionScriptingTraits (0ms)
			SetupTypeCache (335ms)
			ReleaseScriptCaches (0ms)
			RebuildScriptCaches (59ms)
			SetupLoadedEditorAssemblies (420ms)
				LogAssemblyErrors (0ms)
				InitializePlatformSupportModulesInManaged (8ms)
				SetLoadedEditorAssemblies (0ms)
				RefreshPlugins (146ms)
				BeforeProcessingInitializeOnLoad (21ms)
				ProcessInitializeOnLoadAttributes (174ms)
				ProcessInitializeOnLoadMethodAttributes (70ms)
				AfterProcessingInitializeOnLoad (0ms)
				EditorAssembliesLoaded (0ms)
			ExecutionOrderSort2 (0ms)
			AwakeInstancesAfterBackupRestoration (0ms)
Platform modules already initialized, skipping
Registering precompiled user dll's ...
Registered in 0.006436 seconds.
Begin MonoManager ReloadAssembly
Native extension for WindowsStandalone target not found
Refreshing native plugins compatible for Editor in 167.92 ms, found 3 plugins.
Preloading 0 native plugins for Editor in 0.00 ms.
Mono: successfully reloaded assembly
- Completed reload, in  2.499 seconds
Domain Reload Profiling:
	ReloadAssembly (2523ms)
		BeginReloadAssembly (275ms)
			ExecutionOrderSort (0ms)
			DisableScriptedObjects (10ms)
			BackupInstance (0ms)
			ReleaseScriptingObjects (0ms)
			CreateAndSetChildDomain (28ms)
		EndReloadAssembly (2153ms)
			LoadAssemblies (153ms)
			RebuildTransferFunctionScriptingTraits (0ms)
			SetupTypeCache (779ms)
			ReleaseScriptCaches (1ms)
			RebuildScriptCaches (85ms)
			SetupLoadedEditorAssemblies (867ms)
				LogAssemblyErrors (0ms)
				InitializePlatformSupportModulesInManaged (28ms)
				SetLoadedEditorAssemblies (0ms)
				RefreshPlugins (169ms)
				BeforeProcessingInitializeOnLoad (160ms)
				ProcessInitializeOnLoadAttributes (422ms)
				ProcessInitializeOnLoadMethodAttributes (79ms)
				AfterProcessingInitializeOnLoad (8ms)
				EditorAssembliesLoaded (1ms)
			ExecutionOrderSort2 (0ms)
			AwakeInstancesAfterBackupRestoration (12ms)
Platform modules already initialized, skipping
========================================================================
Worker process is ready to serve import requests
Launched and connected shader compiler UnityShaderCompiler.exe after 0.03 seconds
Refreshing native plugins compatible for Editor in 0.91 ms, found 3 plugins.
Preloading 0 native plugins for Editor in 0.00 ms.
Unloading 2293 Unused Serialized files (Serialized files now loaded: 0)
System memory in use before: 111.7 MB.
System memory in use after: 111.9 MB.

Unloading 40 unused Assets to reduce memory usage. Loaded Objects now: 2734.
Total: 5.542144 ms (FindLiveObjects: 0.319443 ms CreateObjectMapping: 0.220232 ms MarkObjects: 4.967404 ms  DeleteObjects: 0.032928 ms)

AssetImportParameters requested are different than current active one (requested -> active):
  custom:framework-win-MediaFoundation: 216162199b28c13a410421893ffa2e32 -> 
  custom:video-decoder-ogg-theora: a1e56fd34408186e4bbccfd4996cb3dc -> 
  custom:container-muxer-webm: aa71ff27fc2769a1b78a27578f13a17b -> 
  custom:container-demuxer-webm: 4f35f7cbe854078d1ac9338744f61a02 -> 
  custom:container-demuxer-ogg: 62fdf1f143b41e24485cea50d1cbac27 -> 
  custom:video-encoder-webm-vp8: eb34c28f22e8b96e1ab97ce403110664 -> 
  custom:video-decoder-webm-vp8: 9c59270c3fd7afecdb556c50c9e8de78 -> 
  custom:audio-decoder-ogg-vorbis: bf7c407c2cedff20999df2af8eb42d56 -> 
  custom:audio-encoder-webm-vorbis: bf7c407c2cedff20999df2af8eb42d56 -> 
========================================================================
Received Import Request.
  path: Assets/FemaleAnimation/Wing1Anim
  artifactKey: Guid(62ae95b1514bed0489ffd81d610eb141) Importer(815301076,1909f56bfc062723c751e8b465ee728b)
Start importing Assets/FemaleAnimation/Wing1Anim using Guid(62ae95b1514bed0489ffd81d610eb141) Importer(815301076,1909f56bfc062723c751e8b465ee728b)  -> (artifact id: '208d5f561d868cf0245072e8433ae613') in 0.160404 seconds 
  Import took 0.290303 seconds .

========================================================================
Received Import Request.
  Time since last request: 261.965543 seconds.
  path: Assets/FemaleAnimation/Wing1Anim/New Animation.anim
  artifactKey: Guid(1599edfab2ef3ed4eaf403a6d455bf1d) Importer(815301076,1909f56bfc062723c751e8b465ee728b)
Start importing Assets/FemaleAnimation/Wing1Anim/New Animation.anim using Guid(1599edfab2ef3ed4eaf403a6d455bf1d) Importer(815301076,1909f56bfc062723c751e8b465ee728b)  -> (artifact id: '9604ac7ee378a942c683eaafe5bbd8a4') in 0.146885 seconds 
  Import took 0.157062 seconds .

========================================================================
Received Prepare
Registering precompiled user dll's ...
Registered in 0.008479 seconds.
Begin MonoManager ReloadAssembly
Native extension for WindowsStandalone target not found
Refreshing native plugins compatible for Editor in 0.99 ms, found 3 plugins.
Preloading 0 native plugins for Editor in 0.00 ms.
Mono: successfully reloaded assembly
- Completed reload, in  2.346 seconds
Domain Reload Profiling:
	ReloadAssembly (2347ms)
		BeginReloadAssembly (209ms)
			ExecutionOrderSort (0ms)
			DisableScriptedObjects (14ms)
			BackupInstance (0ms)
			ReleaseScriptingObjects (0ms)
			CreateAndSetChildDomain (65ms)
		EndReloadAssembly (2025ms)
			LoadAssemblies (210ms)
			RebuildTransferFunctionScriptingTraits (0ms)
			SetupTypeCache (665ms)
			ReleaseScriptCaches (5ms)
			RebuildScriptCaches (102ms)
			SetupLoadedEditorAssemblies (792ms)
				LogAssemblyErrors (0ms)
				InitializePlatformSupportModulesInManaged (31ms)
				SetLoadedEditorAssemblies (1ms)
				RefreshPlugins (1ms)
				BeforeProcessingInitializeOnLoad (153ms)
				ProcessInitializeOnLoadAttributes (477ms)
				ProcessInitializeOnLoadMethodAttributes (122ms)
				AfterProcessingInitializeOnLoad (8ms)
				EditorAssembliesLoaded (0ms)
			ExecutionOrderSort2 (0ms)
			AwakeInstancesAfterBackupRestoration (19ms)
Platform modules already initialized, skipping
Refreshing native plugins compatible for Editor in 0.96 ms, found 3 plugins.
Preloading 0 native plugins for Editor in 0.00 ms.
Unloading 2280 Unused Serialized files (Serialized files now loaded: 0)
System memory in use before: 111.0 MB.
System memory in use after: 111.2 MB.

Unloading 30 unused Assets to reduce memory usage. Loaded Objects now: 2736.
Total: 5.385203 ms (FindLiveObjects: 0.315594 ms CreateObjectMapping: 0.220659 ms MarkObjects: 4.808751 ms  DeleteObjects: 0.038059 ms)

AssetImportParameters requested are different than current active one (requested -> active):
  custom:framework-win-MediaFoundation: 216162199b28c13a410421893ffa2e32 -> 
  custom:video-decoder-ogg-theora: a1e56fd34408186e4bbccfd4996cb3dc -> 
  custom:container-muxer-webm: aa71ff27fc2769a1b78a27578f13a17b -> 
  custom:container-demuxer-webm: 4f35f7cbe854078d1ac9338744f61a02 -> 
  custom:container-demuxer-ogg: 62fdf1f143b41e24485cea50d1cbac27 -> 
  custom:video-encoder-webm-vp8: eb34c28f22e8b96e1ab97ce403110664 -> 
  custom:video-decoder-webm-vp8: 9c59270c3fd7afecdb556c50c9e8de78 -> 
  custom:audio-decoder-ogg-vorbis: bf7c407c2cedff20999df2af8eb42d56 -> 
  custom:audio-encoder-webm-vorbis: bf7c407c2cedff20999df2af8eb42d56 -> 
========================================================================
Received Import Request.
  Time since last request: 588.128472 seconds.
  path: Assets/FemaleAnimation/Wing1Anim/Wing1.controller
  artifactKey: Guid(e40548a2bed812c46858f0ff760423da) Importer(815301076,1909f56bfc062723c751e8b465ee728b)
Start importing Assets/FemaleAnimation/Wing1Anim/Wing1.controller using Guid(e40548a2bed812c46858f0ff760423da) Importer(815301076,1909f56bfc062723c751e8b465ee728b)  -> (artifact id: '76ea4426cbf4adfc4af505b93a40afd9') in 0.296089 seconds 
  Import took 0.312698 seconds .

========================================================================
Received Import Request.
  Time since last request: 127.105453 seconds.
  path: Assets/FemaleAnimation/Wing1Anim/New Folder
  artifactKey: Guid(8d0363fb4208c5d43ba7b34cfdbb9a32) Importer(815301076,1909f56bfc062723c751e8b465ee728b)
Start importing Assets/FemaleAnimation/Wing1Anim/New Folder using Guid(8d0363fb4208c5d43ba7b34cfdbb9a32) Importer(815301076,1909f56bfc062723c751e8b465ee728b)  -> (artifact id: '6144281c6de5820498536d05d090bdf0') in 0.102475 seconds 
  Import took 0.113381 seconds .

========================================================================
Received Import Request.
  Time since last request: 633.483934 seconds.
  path: Assets/FemaleAnimation/Wing1Anim/Wing1.anim
  artifactKey: Guid(1a28a5f1a9e46254c8b31c5063a405aa) Importer(815301076,1909f56bfc062723c751e8b465ee728b)
Start importing Assets/FemaleAnimation/Wing1Anim/Wing1.anim using Guid(1a28a5f1a9e46254c8b31c5063a405aa) Importer(815301076,1909f56bfc062723c751e8b465ee728b)  -> (artifact id: 'b707769195231c1a9cdb33373491f021') in 0.159759 seconds 
  Import took 0.180259 seconds .

========================================================================
Received Import Request.
  Time since last request: 91.771109 seconds.
  path: Assets/FemaleAnimation/FemaleBodyAnim
  artifactKey: Guid(62ae95b1514bed0489ffd81d610eb141) Importer(815301076,1909f56bfc062723c751e8b465ee728b)
Start importing Assets/FemaleAnimation/FemaleBodyAnim using Guid(62ae95b1514bed0489ffd81d610eb141) Importer(815301076,1909f56bfc062723c751e8b465ee728b)  -> (artifact id: '3b7aba20eafc47aaa8f84aa8e2fede4a') in 0.103255 seconds 
  Import took 0.125543 seconds .

========================================================================
Received Import Request.
  Time since last request: 2527.819182 seconds.
  path: Assets/FemaleAnimation/FemaleBodyAnim/FemaleBody.controller
  artifactKey: Guid(4ce30ea9d91d7c040a25c261349e68cb) Importer(815301076,1909f56bfc062723c751e8b465ee728b)
Start importing Assets/FemaleAnimation/FemaleBodyAnim/FemaleBody.controller using Guid(4ce30ea9d91d7c040a25c261349e68cb) Importer(815301076,1909f56bfc062723c751e8b465ee728b)  -> (artifact id: 'bdef463f3a2445871a59ddc8cb1d1d7c') in 0.104519 seconds 
  Import took 0.200942 seconds .

========================================================================
Received Import Request.
  Time since last request: 2.537567 seconds.
  path: Assets/FemaleAnimation/FemaleBodyAnim/New Animation.anim
  artifactKey: Guid(957d0ae7942ddc348ab0f5c1fdfc8caa) Importer(815301076,1909f56bfc062723c751e8b465ee728b)
Start importing Assets/FemaleAnimation/FemaleBodyAnim/New Animation.anim using Guid(957d0ae7942ddc348ab0f5c1fdfc8caa) Importer(815301076,1909f56bfc062723c751e8b465ee728b)  -> (artifact id: '336717430059ec6b64bf250e3a07fa10') in 0.127939 seconds 
  Import took 0.195709 seconds .

========================================================================
Received Prepare
Registering precompiled user dll's ...
Registered in 0.008363 seconds.
Begin MonoManager ReloadAssembly
Native extension for WindowsStandalone target not found
Refreshing native plugins compatible for Editor in 1.63 ms, found 3 plugins.
Preloading 0 native plugins for Editor in 0.00 ms.
Mono: successfully reloaded assembly
- Completed reload, in  2.387 seconds
Domain Reload Profiling:
	ReloadAssembly (2414ms)
		BeginReloadAssembly (268ms)
			ExecutionOrderSort (0ms)
			DisableScriptedObjects (13ms)
			BackupInstance (0ms)
			ReleaseScriptingObjects (0ms)
			CreateAndSetChildDomain (67ms)
		EndReloadAssembly (2021ms)
			LoadAssemblies (263ms)
			RebuildTransferFunctionScriptingTraits (0ms)
			SetupTypeCache (661ms)
			ReleaseScriptCaches (4ms)
			RebuildScriptCaches (98ms)
			SetupLoadedEditorAssemblies (757ms)
				LogAssemblyErrors (0ms)
				InitializePlatformSupportModulesInManaged (16ms)
				SetLoadedEditorAssemblies (1ms)
				RefreshPlugins (2ms)
				BeforeProcessingInitializeOnLoad (119ms)
				ProcessInitializeOnLoadAttributes (588ms)
				ProcessInitializeOnLoadMethodAttributes (24ms)
				AfterProcessingInitializeOnLoad (7ms)
				EditorAssembliesLoaded (0ms)
			ExecutionOrderSort2 (0ms)
			AwakeInstancesAfterBackupRestoration (20ms)
Platform modules already initialized, skipping
Refreshing native plugins compatible for Editor in 0.79 ms, found 3 plugins.
Preloading 0 native plugins for Editor in 0.00 ms.
Unloading 2280 Unused Serialized files (Serialized files now loaded: 0)
System memory in use before: 111.0 MB.
System memory in use after: 111.2 MB.

Unloading 30 unused Assets to reduce memory usage. Loaded Objects now: 2738.
Total: 7.381829 ms (FindLiveObjects: 0.279673 ms CreateObjectMapping: 0.117172 ms MarkObjects: 6.943503 ms  DeleteObjects: 0.038915 ms)

AssetImportParameters requested are different than current active one (requested -> active):
  custom:framework-win-MediaFoundation: 216162199b28c13a410421893ffa2e32 -> 
  custom:video-decoder-ogg-theora: a1e56fd34408186e4bbccfd4996cb3dc -> 
  custom:container-muxer-webm: aa71ff27fc2769a1b78a27578f13a17b -> 
  custom:container-demuxer-webm: 4f35f7cbe854078d1ac9338744f61a02 -> 
  custom:container-demuxer-ogg: 62fdf1f143b41e24485cea50d1cbac27 -> 
  custom:video-encoder-webm-vp8: eb34c28f22e8b96e1ab97ce403110664 -> 
  custom:video-decoder-webm-vp8: 9c59270c3fd7afecdb556c50c9e8de78 -> 
  custom:audio-decoder-ogg-vorbis: bf7c407c2cedff20999df2af8eb42d56 -> 
  custom:audio-encoder-webm-vorbis: bf7c407c2cedff20999df2af8eb42d56 -> 
